C:\USERS\ASUS\ONEDRIVE\DOCUMENTS\VISUAL STUDIO 2010\PROJECTS\DIGIT_RECOGNITION\DEBUG\DIGIT_RECOGNITION.EXE
C:\USERS\ASUS\ONEDRIVE\DOCUMENTS\VISUAL STUDIO 2010\PROJECTS\DIGIT_RECOGNITION\DEBUG\DIGIT_RECOGNITION.ILK
C:\USERS\ASUS\ONEDRIVE\DOCUMENTS\VISUAL STUDIO 2010\PROJECTS\DIGIT_RECOGNITION\DEBUG\DIGIT_RECOGNITION.PDB
C:\USERS\ASUS\ONEDRIVE\DOCUMENTS\VISUAL STUDIO 2010\PROJECTS\DIGIT_RECOGNITION\DIGIT_RECOGNITION\DEBUG\DIGIT_RECOGNITION.EXE.EMBED.MANIFEST
C:\USERS\ASUS\ONEDRIVE\DOCUMENTS\VISUAL STUDIO 2010\PROJECTS\DIGIT_RECOGNITION\DIGIT_RECOGNITION\DEBUG\DIGIT_RECOGNITION.EXE.EMBED.MANIFEST.RES
C:\USERS\ASUS\ONEDRIVE\DOCUMENTS\VISUAL STUDIO 2010\PROJECTS\DIGIT_RECOGNITION\DIGIT_RECOGNITION\DEBUG\DIGIT_RECOGNITION.EXE.INTERMEDIATE.MANIFEST
C:\USERS\ASUS\ONEDRIVE\DOCUMENTS\VISUAL STUDIO 2010\PROJECTS\DIGIT_RECOGNITION\DIGIT_RECOGNITION\DEBUG\DIGIT_RECOGNITION.OBJ
C:\USERS\ASUS\ONEDRIVE\DOCUMENTS\VISUAL STUDIO 2010\PROJECTS\DIGIT_RECOGNITION\DIGIT_RECOGNITION\DEBUG\DIGIT_RECOGNITION.PCH
C:\USERS\ASUS\ONEDRIVE\DOCUMENTS\VISUAL STUDIO 2010\PROJECTS\DIGIT_RECOGNITION\DIGIT_RECOGNITION\DEBUG\STDAFX.OBJ
C:\USERS\ASUS\ONEDRIVE\DOCUMENTS\VISUAL STUDIO 2010\PROJECTS\DIGIT_RECOGNITION\DIGIT_RECOGNITION\DEBUG\VC100.PDB
D:\SPEECH PROCESSSING PROJECT\DIGIT_RECOGNITION\DEBUG\DIGIT_RECOGNITION.EXE
D:\SPEECH PROCESSSING PROJECT\DIGIT_RECOGNITION\DEBUG\DIGIT_RECOGNITION.ILK
D:\SPEECH PROCESSSING PROJECT\DIGIT_RECOGNITION\DEBUG\DIGIT_RECOGNITION.PDB
D:\speech processsing project\Digit_Recognition\Digit_Recognition\Debug\cl.command.1.tlog
D:\speech processsing project\Digit_Recognition\Digit_Recognition\Debug\CL.read.1.tlog
D:\speech processsing project\Digit_Recognition\Digit_Recognition\Debug\CL.write.1.tlog
D:\speech processsing project\Digit_Recognition\Digit_Recognition\Debug\Digit_Recognition.exe.embed.manifest
D:\SPEECH PROCESSSING PROJECT\DIGIT_RECOGNITION\DIGIT_RECOGNITION\DEBUG\DIGIT_RECOGNITION.EXE.EMBED.MANIFEST.RES
D:\SPEECH PROCESSSING PROJECT\DIGIT_RECOGNITION\DIGIT_RECOGNITION\DEBUG\DIGIT_RECOGNITION.EXE.INTERMEDIATE.MANIFEST
D:\speech processsing project\Digit_Recognition\Digit_Recognition\Debug\Digit_Recognition.ilk
D:\SPEECH PROCESSSING PROJECT\DIGIT_RECOGNITION\DIGIT_RECOGNITION\DEBUG\DIGIT_RECOGNITION.OBJ
D:\SPEECH PROCESSSING PROJECT\DIGIT_RECOGNITION\DIGIT_RECOGNITION\DEBUG\DIGIT_RECOGNITION.PCH
D:\speech processsing project\Digit_Recognition\Digit_Recognition\Debug\Digit_Recognition.pdb
D:\speech processsing project\Digit_Recognition\Digit_Recognition\Debug\Digit_Recognition.vcxprojResolveAssemblyReference.cache
D:\speech processsing project\Digit_Recognition\Digit_Recognition\Debug\Digit_Recognition.write.1.tlog
D:\speech processsing project\Digit_Recognition\Digit_Recognition\Debug\Digit_Recognition_manifest.rc
D:\speech processsing project\Digit_Recognition\Digit_Recognition\Debug\link.11452.read.1.tlog
D:\speech processsing project\Digit_Recognition\Digit_Recognition\Debug\link.11452.write.1.tlog
D:\speech processsing project\Digit_Recognition\Digit_Recognition\Debug\link.11452-cvtres.read.1.tlog
D:\speech processsing project\Digit_Recognition\Digit_Recognition\Debug\link.11452-cvtres.write.1.tlog
D:\speech processsing project\Digit_Recognition\Digit_Recognition\Debug\link.14444.read.1.tlog
D:\speech processsing project\Digit_Recognition\Digit_Recognition\Debug\link.14444.write.1.tlog
D:\speech processsing project\Digit_Recognition\Digit_Recognition\Debug\link.14444-cvtres.read.1.tlog
D:\speech processsing project\Digit_Recognition\Digit_Recognition\Debug\link.14444-cvtres.write.1.tlog
D:\speech processsing project\Digit_Recognition\Digit_Recognition\Debug\link.1500.read.1.tlog
D:\speech processsing project\Digit_Recognition\Digit_Recognition\Debug\link.1500.write.1.tlog
D:\speech processsing project\Digit_Recognition\Digit_Recognition\Debug\link.1500-cvtres.read.1.tlog
D:\speech processsing project\Digit_Recognition\Digit_Recognition\Debug\link.1500-cvtres.write.1.tlog
D:\speech processsing project\Digit_Recognition\Digit_Recognition\Debug\link.7380.read.1.tlog
D:\speech processsing project\Digit_Recognition\Digit_Recognition\Debug\link.7380.write.1.tlog
D:\speech processsing project\Digit_Recognition\Digit_Recognition\Debug\link.7380-cvtres.read.1.tlog
D:\speech processsing project\Digit_Recognition\Digit_Recognition\Debug\link.7380-cvtres.write.1.tlog
D:\speech processsing project\Digit_Recognition\Digit_Recognition\Debug\link.command.1.tlog
D:\speech processsing project\Digit_Recognition\Digit_Recognition\Debug\link.read.1.tlog
D:\speech processsing project\Digit_Recognition\Digit_Recognition\Debug\link.write.1.tlog
D:\speech processsing project\Digit_Recognition\Digit_Recognition\Debug\link-cvtres.read.1.tlog
D:\speech processsing project\Digit_Recognition\Digit_Recognition\Debug\link-cvtres.write.1.tlog
D:\speech processsing project\Digit_Recognition\Digit_Recognition\Debug\mt.command.1.tlog
D:\speech processsing project\Digit_Recognition\Digit_Recognition\Debug\mt.read.1.tlog
D:\speech processsing project\Digit_Recognition\Digit_Recognition\Debug\mt.write.1.tlog
D:\speech processsing project\Digit_Recognition\Digit_Recognition\Debug\rc.command.1.tlog
D:\speech processsing project\Digit_Recognition\Digit_Recognition\Debug\rc.read.1.tlog
D:\speech processsing project\Digit_Recognition\Digit_Recognition\Debug\rc.write.1.tlog
D:\SPEECH PROCESSSING PROJECT\DIGIT_RECOGNITION\DIGIT_RECOGNITION\DEBUG\STDAFX.OBJ
D:\speech processsing project\Digit_Recognition\Digit_Recognition\Debug\vc100.idb
D:\SPEECH PROCESSSING PROJECT\DIGIT_RECOGNITION\DIGIT_RECOGNITION\DEBUG\VC100.PDB
