Build started 25-11-2023 14:46:31.
     1>Project "D:\speech processsing project\Digit_Recognition\Digit_Recognition\Digit_Recognition.vcxproj" on node 2 (build target(s)).
     1>InitializeBuildStatus:
         Creating "Debug\Digit_Recognition.unsuccessfulbuild" because "AlwaysCreate" was specified.
       ClCompile:
         All outputs are up-to-date.
         D:\visual studio\VC\bin\CL.exe /c /ZI /nologo /W3 /WX- /Od /Oy- /D WIN32 /D _DEBUG /D _CONSOLE /D _UNICODE /D UNICODE /Gm /EHsc /RTC1 /MDd /GS /fp:precise /Zc:wchar_t /Zc:forScope /Yu"StdAfx.h" /Fp"Debug\Digit_Recognition.pch" /Fo"Debug\\" /Fd"Debug\vc100.pdb" /Gd /TP /analyze- /errorReport:prompt Digit_Recognition.cpp
         Digit_Recognition.cpp
     1>d:\speech processsing project\digit_recognition\digit_recognition\digit_recognition.cpp(67): warning C4996: 'fopen': This function or variable may be unsafe. Consider using fopen_s instead. To disable deprecation, use _CRT_SECURE_NO_WARNINGS. See online help for details.
                 d:\visual studio\vc\include\stdio.h(234) : see declaration of 'fopen'
     1>d:\speech processsing project\digit_recognition\digit_recognition\digit_recognition.cpp(79): warning C4996: 'fscanf': This function or variable may be unsafe. Consider using fscanf_s instead. To disable deprecation, use _CRT_SECURE_NO_WARNINGS. See online help for details.
                 d:\visual studio\vc\include\stdio.h(253) : see declaration of 'fscanf'
     1>d:\speech processsing project\digit_recognition\digit_recognition\digit_recognition.cpp(93): warning C4996: 'fscanf': This function or variable may be unsafe. Consider using fscanf_s instead. To disable deprecation, use _CRT_SECURE_NO_WARNINGS. See online help for details.
                 d:\visual studio\vc\include\stdio.h(253) : see declaration of 'fscanf'
     1>d:\speech processsing project\digit_recognition\digit_recognition\digit_recognition.cpp(213): warning C4996: 'fopen': This function or variable may be unsafe. Consider using fopen_s instead. To disable deprecation, use _CRT_SECURE_NO_WARNINGS. See online help for details.
                 d:\visual studio\vc\include\stdio.h(234) : see declaration of 'fopen'
     1>d:\speech processsing project\digit_recognition\digit_recognition\digit_recognition.cpp(217): warning C4996: 'sprintf': This function or variable may be unsafe. Consider using sprintf_s instead. To disable deprecation, use _CRT_SECURE_NO_WARNINGS. See online help for details.
                 d:\visual studio\vc\include\stdio.h(371) : see declaration of 'sprintf'
     1>d:\speech processsing project\digit_recognition\digit_recognition\digit_recognition.cpp(231): warning C4996: 'fopen': This function or variable may be unsafe. Consider using fopen_s instead. To disable deprecation, use _CRT_SECURE_NO_WARNINGS. See online help for details.
                 d:\visual studio\vc\include\stdio.h(234) : see declaration of 'fopen'
     1>d:\speech processsing project\digit_recognition\digit_recognition\digit_recognition.cpp(240): warning C4996: 'fscanf': This function or variable may be unsafe. Consider using fscanf_s instead. To disable deprecation, use _CRT_SECURE_NO_WARNINGS. See online help for details.
                 d:\visual studio\vc\include\stdio.h(253) : see declaration of 'fscanf'
     1>d:\speech processsing project\digit_recognition\digit_recognition\digit_recognition.cpp(251): warning C4996: 'fopen': This function or variable may be unsafe. Consider using fopen_s instead. To disable deprecation, use _CRT_SECURE_NO_WARNINGS. See online help for details.
                 d:\visual studio\vc\include\stdio.h(234) : see declaration of 'fopen'
     1>d:\speech processsing project\digit_recognition\digit_recognition\digit_recognition.cpp(351): warning C4996: 'fopen': This function or variable may be unsafe. Consider using fopen_s instead. To disable deprecation, use _CRT_SECURE_NO_WARNINGS. See online help for details.
                 d:\visual studio\vc\include\stdio.h(234) : see declaration of 'fopen'
     1>d:\speech processsing project\digit_recognition\digit_recognition\digit_recognition.cpp(408): warning C4996: 'fopen': This function or variable may be unsafe. Consider using fopen_s instead. To disable deprecation, use _CRT_SECURE_NO_WARNINGS. See online help for details.
                 d:\visual studio\vc\include\stdio.h(234) : see declaration of 'fopen'
     1>d:\speech processsing project\digit_recognition\digit_recognition\digit_recognition.cpp(415): warning C4996: 'fscanf': This function or variable may be unsafe. Consider using fscanf_s instead. To disable deprecation, use _CRT_SECURE_NO_WARNINGS. See online help for details.
                 d:\visual studio\vc\include\stdio.h(253) : see declaration of 'fscanf'
     1>d:\speech processsing project\digit_recognition\digit_recognition\digit_recognition.cpp(483): warning C4996: 'fopen': This function or variable may be unsafe. Consider using fopen_s instead. To disable deprecation, use _CRT_SECURE_NO_WARNINGS. See online help for details.
                 d:\visual studio\vc\include\stdio.h(234) : see declaration of 'fopen'
     1>d:\speech processsing project\digit_recognition\digit_recognition\digit_recognition.cpp(528): warning C4996: 'fopen': This function or variable may be unsafe. Consider using fopen_s instead. To disable deprecation, use _CRT_SECURE_NO_WARNINGS. See online help for details.
                 d:\visual studio\vc\include\stdio.h(234) : see declaration of 'fopen'
     1>d:\speech processsing project\digit_recognition\digit_recognition\digit_recognition.cpp(561): warning C4996: 'fopen': This function or variable may be unsafe. Consider using fopen_s instead. To disable deprecation, use _CRT_SECURE_NO_WARNINGS. See online help for details.
                 d:\visual studio\vc\include\stdio.h(234) : see declaration of 'fopen'
     1>d:\speech processsing project\digit_recognition\digit_recognition\digit_recognition.cpp(593): warning C4996: 'fopen': This function or variable may be unsafe. Consider using fopen_s instead. To disable deprecation, use _CRT_SECURE_NO_WARNINGS. See online help for details.
                 d:\visual studio\vc\include\stdio.h(234) : see declaration of 'fopen'
     1>d:\speech processsing project\digit_recognition\digit_recognition\digit_recognition.cpp(646): warning C4996: 'fopen': This function or variable may be unsafe. Consider using fopen_s instead. To disable deprecation, use _CRT_SECURE_NO_WARNINGS. See online help for details.
                 d:\visual studio\vc\include\stdio.h(234) : see declaration of 'fopen'
     1>d:\speech processsing project\digit_recognition\digit_recognition\digit_recognition.cpp(752): warning C4996: '_snprintf': This function or variable may be unsafe. Consider using _snprintf_s instead. To disable deprecation, use _CRT_SECURE_NO_WARNINGS. See online help for details.
                 d:\visual studio\vc\include\stdio.h(363) : see declaration of '_snprintf'
     1>d:\speech processsing project\digit_recognition\digit_recognition\digit_recognition.cpp(754): warning C4996: '_snprintf': This function or variable may be unsafe. Consider using _snprintf_s instead. To disable deprecation, use _CRT_SECURE_NO_WARNINGS. See online help for details.
                 d:\visual studio\vc\include\stdio.h(363) : see declaration of '_snprintf'
     1>d:\speech processsing project\digit_recognition\digit_recognition\digit_recognition.cpp(756): warning C4996: '_snprintf': This function or variable may be unsafe. Consider using _snprintf_s instead. To disable deprecation, use _CRT_SECURE_NO_WARNINGS. See online help for details.
                 d:\visual studio\vc\include\stdio.h(363) : see declaration of '_snprintf'
     1>d:\speech processsing project\digit_recognition\digit_recognition\digit_recognition.cpp(758): warning C4996: '_snprintf': This function or variable may be unsafe. Consider using _snprintf_s instead. To disable deprecation, use _CRT_SECURE_NO_WARNINGS. See online help for details.
                 d:\visual studio\vc\include\stdio.h(363) : see declaration of '_snprintf'
     1>d:\speech processsing project\digit_recognition\digit_recognition\digit_recognition.cpp(760): warning C4996: '_snprintf': This function or variable may be unsafe. Consider using _snprintf_s instead. To disable deprecation, use _CRT_SECURE_NO_WARNINGS. See online help for details.
                 d:\visual studio\vc\include\stdio.h(363) : see declaration of '_snprintf'
     1>d:\speech processsing project\digit_recognition\digit_recognition\digit_recognition.cpp(762): warning C4996: '_snprintf': This function or variable may be unsafe. Consider using _snprintf_s instead. To disable deprecation, use _CRT_SECURE_NO_WARNINGS. See online help for details.
                 d:\visual studio\vc\include\stdio.h(363) : see declaration of '_snprintf'
     1>d:\speech processsing project\digit_recognition\digit_recognition\digit_recognition.cpp(775): warning C4996: '_snprintf': This function or variable may be unsafe. Consider using _snprintf_s instead. To disable deprecation, use _CRT_SECURE_NO_WARNINGS. See online help for details.
                 d:\visual studio\vc\include\stdio.h(363) : see declaration of '_snprintf'
     1>d:\speech processsing project\digit_recognition\digit_recognition\digit_recognition.cpp(776): warning C4996: 'fopen': This function or variable may be unsafe. Consider using fopen_s instead. To disable deprecation, use _CRT_SECURE_NO_WARNINGS. See online help for details.
                 d:\visual studio\vc\include\stdio.h(234) : see declaration of 'fopen'
     1>d:\speech processsing project\digit_recognition\digit_recognition\digit_recognition.cpp(786): warning C4996: 'fscanf': This function or variable may be unsafe. Consider using fscanf_s instead. To disable deprecation, use _CRT_SECURE_NO_WARNINGS. See online help for details.
                 d:\visual studio\vc\include\stdio.h(253) : see declaration of 'fscanf'
     1>d:\speech processsing project\digit_recognition\digit_recognition\digit_recognition.cpp(795): warning C4996: '_snprintf': This function or variable may be unsafe. Consider using _snprintf_s instead. To disable deprecation, use _CRT_SECURE_NO_WARNINGS. See online help for details.
                 d:\visual studio\vc\include\stdio.h(363) : see declaration of '_snprintf'
     1>d:\speech processsing project\digit_recognition\digit_recognition\digit_recognition.cpp(796): warning C4996: 'fopen': This function or variable may be unsafe. Consider using fopen_s instead. To disable deprecation, use _CRT_SECURE_NO_WARNINGS. See online help for details.
                 d:\visual studio\vc\include\stdio.h(234) : see declaration of 'fopen'
     1>d:\speech processsing project\digit_recognition\digit_recognition\digit_recognition.cpp(803): warning C4996: 'fscanf': This function or variable may be unsafe. Consider using fscanf_s instead. To disable deprecation, use _CRT_SECURE_NO_WARNINGS. See online help for details.
                 d:\visual studio\vc\include\stdio.h(253) : see declaration of 'fscanf'
     1>d:\speech processsing project\digit_recognition\digit_recognition\digit_recognition.cpp(811): warning C4996: 'fopen': This function or variable may be unsafe. Consider using fopen_s instead. To disable deprecation, use _CRT_SECURE_NO_WARNINGS. See online help for details.
                 d:\visual studio\vc\include\stdio.h(234) : see declaration of 'fopen'
     1>d:\speech processsing project\digit_recognition\digit_recognition\digit_recognition.cpp(814): warning C4996: 'fscanf': This function or variable may be unsafe. Consider using fscanf_s instead. To disable deprecation, use _CRT_SECURE_NO_WARNINGS. See online help for details.
                 d:\visual studio\vc\include\stdio.h(253) : see declaration of 'fscanf'
     1>d:\speech processsing project\digit_recognition\digit_recognition\digit_recognition.cpp(820): warning C4996: 'fopen': This function or variable may be unsafe. Consider using fopen_s instead. To disable deprecation, use _CRT_SECURE_NO_WARNINGS. See online help for details.
                 d:\visual studio\vc\include\stdio.h(234) : see declaration of 'fopen'
     1>d:\speech processsing project\digit_recognition\digit_recognition\digit_recognition.cpp(824): warning C4996: 'fscanf': This function or variable may be unsafe. Consider using fscanf_s instead. To disable deprecation, use _CRT_SECURE_NO_WARNINGS. See online help for details.
                 d:\visual studio\vc\include\stdio.h(253) : see declaration of 'fscanf'
     1>d:\speech processsing project\digit_recognition\digit_recognition\digit_recognition.cpp(850): warning C4996: '_snprintf': This function or variable may be unsafe. Consider using _snprintf_s instead. To disable deprecation, use _CRT_SECURE_NO_WARNINGS. See online help for details.
                 d:\visual studio\vc\include\stdio.h(363) : see declaration of '_snprintf'
     1>d:\speech processsing project\digit_recognition\digit_recognition\digit_recognition.cpp(851): warning C4996: 'fopen': This function or variable may be unsafe. Consider using fopen_s instead. To disable deprecation, use _CRT_SECURE_NO_WARNINGS. See online help for details.
                 d:\visual studio\vc\include\stdio.h(234) : see declaration of 'fopen'
     1>d:\speech processsing project\digit_recognition\digit_recognition\digit_recognition.cpp(864): warning C4996: '_snprintf': This function or variable may be unsafe. Consider using _snprintf_s instead. To disable deprecation, use _CRT_SECURE_NO_WARNINGS. See online help for details.
                 d:\visual studio\vc\include\stdio.h(363) : see declaration of '_snprintf'
     1>d:\speech processsing project\digit_recognition\digit_recognition\digit_recognition.cpp(865): warning C4996: 'fopen': This function or variable may be unsafe. Consider using fopen_s instead. To disable deprecation, use _CRT_SECURE_NO_WARNINGS. See online help for details.
                 d:\visual studio\vc\include\stdio.h(234) : see declaration of 'fopen'
     1>d:\speech processsing project\digit_recognition\digit_recognition\digit_recognition.cpp(885): warning C4996: 'sprintf': This function or variable may be unsafe. Consider using sprintf_s instead. To disable deprecation, use _CRT_SECURE_NO_WARNINGS. See online help for details.
                 d:\visual studio\vc\include\stdio.h(371) : see declaration of 'sprintf'
     1>d:\speech processsing project\digit_recognition\digit_recognition\digit_recognition.cpp(886): warning C4996: 'fopen': This function or variable may be unsafe. Consider using fopen_s instead. To disable deprecation, use _CRT_SECURE_NO_WARNINGS. See online help for details.
                 d:\visual studio\vc\include\stdio.h(234) : see declaration of 'fopen'
     1>d:\speech processsing project\digit_recognition\digit_recognition\digit_recognition.cpp(891): warning C4996: 'fscanf': This function or variable may be unsafe. Consider using fscanf_s instead. To disable deprecation, use _CRT_SECURE_NO_WARNINGS. See online help for details.
                 d:\visual studio\vc\include\stdio.h(253) : see declaration of 'fscanf'
     1>d:\speech processsing project\digit_recognition\digit_recognition\digit_recognition.cpp(900): warning C4996: 'sprintf': This function or variable may be unsafe. Consider using sprintf_s instead. To disable deprecation, use _CRT_SECURE_NO_WARNINGS. See online help for details.
                 d:\visual studio\vc\include\stdio.h(371) : see declaration of 'sprintf'
     1>d:\speech processsing project\digit_recognition\digit_recognition\digit_recognition.cpp(901): warning C4996: 'fopen': This function or variable may be unsafe. Consider using fopen_s instead. To disable deprecation, use _CRT_SECURE_NO_WARNINGS. See online help for details.
                 d:\visual studio\vc\include\stdio.h(234) : see declaration of 'fopen'
     1>d:\speech processsing project\digit_recognition\digit_recognition\digit_recognition.cpp(906): warning C4996: 'fscanf': This function or variable may be unsafe. Consider using fscanf_s instead. To disable deprecation, use _CRT_SECURE_NO_WARNINGS. See online help for details.
                 d:\visual studio\vc\include\stdio.h(253) : see declaration of 'fscanf'
     1>d:\speech processsing project\digit_recognition\digit_recognition\digit_recognition.cpp(914): warning C4996: '_snprintf': This function or variable may be unsafe. Consider using _snprintf_s instead. To disable deprecation, use _CRT_SECURE_NO_WARNINGS. See online help for details.
                 d:\visual studio\vc\include\stdio.h(363) : see declaration of '_snprintf'
     1>d:\speech processsing project\digit_recognition\digit_recognition\digit_recognition.cpp(915): warning C4996: 'fopen': This function or variable may be unsafe. Consider using fopen_s instead. To disable deprecation, use _CRT_SECURE_NO_WARNINGS. See online help for details.
                 d:\visual studio\vc\include\stdio.h(234) : see declaration of 'fopen'
     1>d:\speech processsing project\digit_recognition\digit_recognition\digit_recognition.cpp(925): warning C4996: '_snprintf': This function or variable may be unsafe. Consider using _snprintf_s instead. To disable deprecation, use _CRT_SECURE_NO_WARNINGS. See online help for details.
                 d:\visual studio\vc\include\stdio.h(363) : see declaration of '_snprintf'
     1>d:\speech processsing project\digit_recognition\digit_recognition\digit_recognition.cpp(926): warning C4996: 'fopen': This function or variable may be unsafe. Consider using fopen_s instead. To disable deprecation, use _CRT_SECURE_NO_WARNINGS. See online help for details.
                 d:\visual studio\vc\include\stdio.h(234) : see declaration of 'fopen'
     1>d:\speech processsing project\digit_recognition\digit_recognition\digit_recognition.cpp(941): warning C4996: 'sprintf': This function or variable may be unsafe. Consider using sprintf_s instead. To disable deprecation, use _CRT_SECURE_NO_WARNINGS. See online help for details.
                 d:\visual studio\vc\include\stdio.h(371) : see declaration of 'sprintf'
     1>d:\speech processsing project\digit_recognition\digit_recognition\digit_recognition.cpp(942): warning C4996: 'fopen': This function or variable may be unsafe. Consider using fopen_s instead. To disable deprecation, use _CRT_SECURE_NO_WARNINGS. See online help for details.
                 d:\visual studio\vc\include\stdio.h(234) : see declaration of 'fopen'
     1>d:\speech processsing project\digit_recognition\digit_recognition\digit_recognition.cpp(953): warning C4996: '_snprintf': This function or variable may be unsafe. Consider using _snprintf_s instead. To disable deprecation, use _CRT_SECURE_NO_WARNINGS. See online help for details.
                 d:\visual studio\vc\include\stdio.h(363) : see declaration of '_snprintf'
     1>d:\speech processsing project\digit_recognition\digit_recognition\digit_recognition.cpp(954): warning C4996: 'fopen': This function or variable may be unsafe. Consider using fopen_s instead. To disable deprecation, use _CRT_SECURE_NO_WARNINGS. See online help for details.
                 d:\visual studio\vc\include\stdio.h(234) : see declaration of 'fopen'
     1>d:\speech processsing project\digit_recognition\digit_recognition\digit_recognition.cpp(1056): warning C4996: 'fopen': This function or variable may be unsafe. Consider using fopen_s instead. To disable deprecation, use _CRT_SECURE_NO_WARNINGS. See online help for details.
                 d:\visual studio\vc\include\stdio.h(234) : see declaration of 'fopen'
     1>d:\speech processsing project\digit_recognition\digit_recognition\digit_recognition.cpp(1087): warning C4996: 'sprintf': This function or variable may be unsafe. Consider using sprintf_s instead. To disable deprecation, use _CRT_SECURE_NO_WARNINGS. See online help for details.
                 d:\visual studio\vc\include\stdio.h(371) : see declaration of 'sprintf'
     1>d:\speech processsing project\digit_recognition\digit_recognition\digit_recognition.cpp(1107): warning C4996: '_snprintf': This function or variable may be unsafe. Consider using _snprintf_s instead. To disable deprecation, use _CRT_SECURE_NO_WARNINGS. See online help for details.
                 d:\visual studio\vc\include\stdio.h(363) : see declaration of '_snprintf'
     1>d:\speech processsing project\digit_recognition\digit_recognition\digit_recognition.cpp(1108): warning C4996: 'fopen': This function or variable may be unsafe. Consider using fopen_s instead. To disable deprecation, use _CRT_SECURE_NO_WARNINGS. See online help for details.
                 d:\visual studio\vc\include\stdio.h(234) : see declaration of 'fopen'
     1>d:\speech processsing project\digit_recognition\digit_recognition\digit_recognition.cpp(1114): warning C4996: 'fscanf': This function or variable may be unsafe. Consider using fscanf_s instead. To disable deprecation, use _CRT_SECURE_NO_WARNINGS. See online help for details.
                 d:\visual studio\vc\include\stdio.h(253) : see declaration of 'fscanf'
     1>d:\speech processsing project\digit_recognition\digit_recognition\digit_recognition.cpp(1120): warning C4996: '_snprintf': This function or variable may be unsafe. Consider using _snprintf_s instead. To disable deprecation, use _CRT_SECURE_NO_WARNINGS. See online help for details.
                 d:\visual studio\vc\include\stdio.h(363) : see declaration of '_snprintf'
     1>d:\speech processsing project\digit_recognition\digit_recognition\digit_recognition.cpp(1121): warning C4996: 'fopen': This function or variable may be unsafe. Consider using fopen_s instead. To disable deprecation, use _CRT_SECURE_NO_WARNINGS. See online help for details.
                 d:\visual studio\vc\include\stdio.h(234) : see declaration of 'fopen'
     1>d:\speech processsing project\digit_recognition\digit_recognition\digit_recognition.cpp(1124): warning C4996: 'fscanf': This function or variable may be unsafe. Consider using fscanf_s instead. To disable deprecation, use _CRT_SECURE_NO_WARNINGS. See online help for details.
                 d:\visual studio\vc\include\stdio.h(253) : see declaration of 'fscanf'
     1>d:\speech processsing project\digit_recognition\digit_recognition\digit_recognition.cpp(1129): warning C4996: 'fopen': This function or variable may be unsafe. Consider using fopen_s instead. To disable deprecation, use _CRT_SECURE_NO_WARNINGS. See online help for details.
                 d:\visual studio\vc\include\stdio.h(234) : see declaration of 'fopen'
     1>d:\speech processsing project\digit_recognition\digit_recognition\digit_recognition.cpp(1132): warning C4996: 'fscanf': This function or variable may be unsafe. Consider using fscanf_s instead. To disable deprecation, use _CRT_SECURE_NO_WARNINGS. See online help for details.
                 d:\visual studio\vc\include\stdio.h(253) : see declaration of 'fscanf'
     1>d:\speech processsing project\digit_recognition\digit_recognition\digit_recognition.cpp(1136): warning C4996: 'fopen': This function or variable may be unsafe. Consider using fopen_s instead. To disable deprecation, use _CRT_SECURE_NO_WARNINGS. See online help for details.
                 d:\visual studio\vc\include\stdio.h(234) : see declaration of 'fopen'
     1>d:\speech processsing project\digit_recognition\digit_recognition\digit_recognition.cpp(1139): warning C4996: 'fscanf': This function or variable may be unsafe. Consider using fscanf_s instead. To disable deprecation, use _CRT_SECURE_NO_WARNINGS. See online help for details.
                 d:\visual studio\vc\include\stdio.h(253) : see declaration of 'fscanf'
     1>d:\speech processsing project\digit_recognition\digit_recognition\digit_recognition.cpp(1167): warning C4996: 'sprintf': This function or variable may be unsafe. Consider using sprintf_s instead. To disable deprecation, use _CRT_SECURE_NO_WARNINGS. See online help for details.
                 d:\visual studio\vc\include\stdio.h(371) : see declaration of 'sprintf'
       ManifestResourceCompile:
         All outputs are up-to-date.
       Link:
         D:\visual studio\VC\bin\link.exe /ERRORREPORT:PROMPT /OUT:"D:\speech processsing project\Digit_Recognition\Debug\Digit_Recognition.exe" /INCREMENTAL /NOLOGO kernel32.lib user32.lib gdi32.lib winspool.lib comdlg32.lib advapi32.lib shell32.lib ole32.lib oleaut32.lib uuid.lib odbc32.lib odbccp32.lib /MANIFEST /ManifestFile:"Debug\Digit_Recognition.exe.intermediate.manifest" /MANIFESTUAC:"level='asInvoker' uiAccess='false'" /DEBUG /PDB:"D:\speech processsing project\Digit_Recognition\Debug\Digit_Recognition.pdb" /SUBSYSTEM:CONSOLE /TLBID:1 /DYNAMICBASE /NXCOMPAT /IMPLIB:"D:\speech processsing project\Digit_Recognition\Debug\Digit_Recognition.lib" /MACHINE:X86 Debug\Digit_Recognition.exe.embed.manifest.res
         Debug\Digit_Recognition.obj
         Debug\stdafx.obj
       Manifest:
         C:\Program Files (x86)\Microsoft SDKs\Windows\v7.0A\bin\mt.exe /nologo /verbose /out:"Debug\Digit_Recognition.exe.embed.manifest" /manifest Debug\Digit_Recognition.exe.intermediate.manifest
         All outputs are up-to-date.
       LinkEmbedManifest:
         All outputs are up-to-date.
         Digit_Recognition.vcxproj -> D:\speech processsing project\Digit_Recognition\Debug\Digit_Recognition.exe
       FinalizeBuildStatus:
         Deleting file "Debug\Digit_Recognition.unsuccessfulbuild".
         Touching "Debug\Digit_Recognition.lastbuildstate".
     1>Done Building Project "D:\speech processsing project\Digit_Recognition\Digit_Recognition\Digit_Recognition.vcxproj" (build target(s)).

Build succeeded.

Time Elapsed 00:00:08.74
